09-Sep-2025 09:57:53.477 INFO [main] org.apache.catalina.startup.VersionLoggerListener.log 서버 버전 이름:    Apache Tomcat/9.0.109
09-Sep-2025 09:57:53.481 INFO [main] org.apache.catalina.startup.VersionLoggerListener.log Server 빌드 시각:  Sep 1 2025 12:15:33 UTC
09-Sep-2025 09:57:53.481 INFO [main] org.apache.catalina.startup.VersionLoggerListener.log Server 버전 번호:  9.0.109.0
09-Sep-2025 09:57:53.481 INFO [main] org.apache.catalina.startup.VersionLoggerListener.log 운영체제 이름:     Mac OS X
09-Sep-2025 09:57:53.481 INFO [main] org.apache.catalina.startup.VersionLoggerListener.log 운영체제 버전:     15.6.1
09-Sep-2025 09:57:53.481 INFO [main] org.apache.catalina.startup.VersionLoggerListener.log 아키텍처:          aarch64
09-Sep-2025 09:57:53.481 INFO [main] org.apache.catalina.startup.VersionLoggerListener.log 자바 홈:           /Library/Java/JavaVirtualMachines/jdk-17.jdk/Contents/Home
09-Sep-2025 09:57:53.481 INFO [main] org.apache.catalina.startup.VersionLoggerListener.log JVM 버전:          17.0.12+8-LTS-286
09-Sep-2025 09:57:53.481 INFO [main] org.apache.catalina.startup.VersionLoggerListener.log JVM 벤더:          Oracle Corporation
09-Sep-2025 09:57:53.481 INFO [main] org.apache.catalina.startup.VersionLoggerListener.log CATALINA_BASE:     /Users/shingiseop/Desktop/spart/lunch_rec
09-Sep-2025 09:57:53.481 INFO [main] org.apache.catalina.startup.VersionLoggerListener.log CATALINA_HOME:     /Users/shingiseop/tomcat9
09-Sep-2025 09:57:53.488 INFO [main] org.apache.catalina.startup.VersionLoggerListener.log 명령 행 아규먼트:  --add-opens=java.base/java.lang=ALL-UNNAMED
09-Sep-2025 09:57:53.489 INFO [main] org.apache.catalina.startup.VersionLoggerListener.log 명령 행 아규먼트:  --add-opens=java.base/java.io=ALL-UNNAMED
09-Sep-2025 09:57:53.489 INFO [main] org.apache.catalina.startup.VersionLoggerListener.log 명령 행 아규먼트:  --add-opens=java.base/java.util=ALL-UNNAMED
09-Sep-2025 09:57:53.489 INFO [main] org.apache.catalina.startup.VersionLoggerListener.log 명령 행 아규먼트:  --add-opens=java.base/java.util.concurrent=ALL-UNNAMED
09-Sep-2025 09:57:53.489 INFO [main] org.apache.catalina.startup.VersionLoggerListener.log 명령 행 아규먼트:  --add-opens=java.rmi/sun.rmi.transport=ALL-UNNAMED
09-Sep-2025 09:57:53.489 INFO [main] org.apache.catalina.startup.VersionLoggerListener.log 명령 행 아규먼트:  -Dcatalina.home=/Users/shingiseop/tomcat9
09-Sep-2025 09:57:53.489 INFO [main] org.apache.catalina.startup.VersionLoggerListener.log 명령 행 아규먼트:  -Dcatalina.base=/Users/shingiseop/Desktop/spart/lunch_rec
09-Sep-2025 09:57:53.489 INFO [main] org.apache.catalina.startup.VersionLoggerListener.log 명령 행 아규먼트:  -Djava.io.tmpdir=/Users/shingiseop/Desktop/spart/lunch_rec/temp
09-Sep-2025 09:57:53.490 INFO [main] org.apache.catalina.startup.VersionLoggerListener.log 명령 행 아규먼트:  -Djava.util.logging.config.file=/Users/shingiseop/Desktop/spart/lunch_rec/conf/logging.properties
09-Sep-2025 09:57:53.490 INFO [main] org.apache.catalina.startup.VersionLoggerListener.log 명령 행 아규먼트:  -Djava.util.logging.manager=org.apache.juli.ClassLoaderLogManager
09-Sep-2025 09:57:53.490 INFO [main] org.apache.catalina.startup.VersionLoggerListener.log 명령 행 아규먼트:  -javaagent:/Applications/IntelliJ IDEA.app/Contents/lib/idea_rt.jar=51129
09-Sep-2025 09:57:53.490 INFO [main] org.apache.catalina.startup.VersionLoggerListener.log 명령 행 아규먼트:  -Dfile.encoding=UTF-8
09-Sep-2025 09:57:53.497 INFO [main] org.apache.catalina.core.AprLifecycleListener.lifecycleEvent 프로덕션 환경들에서 최적의 성능을 제공하는, APR 기반 Apache Tomcat Native 라이브러리가, 다음 java.library.path에서 발견되지 않습니다: [/Users/shingiseop/Library/Java/Extensions:/Library/Java/Extensions:/Network/Library/Java/Extensions:/System/Library/Java/Extensions:/usr/lib/java:.]
09-Sep-2025 09:57:53.708 INFO [main] org.apache.coyote.AbstractProtocol.init 프로토콜 핸들러 ["http-nio-5200"]을(를) 초기화합니다.
09-Sep-2025 09:57:53.728 INFO [main] org.apache.catalina.startup.Catalina.load [373] 밀리초 내에 서버가 초기화되었습니다.
09-Sep-2025 09:57:53.768 INFO [main] org.apache.catalina.core.StandardService.startInternal 서비스 [Catalina]을(를) 시작합니다.
09-Sep-2025 09:57:53.769 INFO [main] org.apache.catalina.core.StandardEngine.startInternal 서버 엔진을 시작합니다: [Apache Tomcat/9.0.109]
09-Sep-2025 09:57:53.779 INFO [main] org.apache.catalina.startup.HostConfig.deployDescriptor 배치 descriptor [/Users/shingiseop/Desktop/spart/lunch_rec/conf/Catalina/localhost/ROOT.xml]을(를) 배치합니다.
09-Sep-2025 09:57:54.296 INFO [main] org.apache.jasper.servlet.TldScanner.scanJars 적어도 하나의 JAR가 TLD들을 찾기 위해 스캔되었으나 아무 것도 찾지 못했습니다. 스캔했으나 TLD가 없는 JAR들의 전체 목록을 보시려면, 로그 레벨을 디버그 레벨로 설정하십시오. 스캔 과정에서 불필요한 JAR들을 건너뛰면, 시스템 시작 시간과 JSP 컴파일 시간을 단축시킬 수 있습니다.
09-Sep-2025 09:57:54.326 INFO [main] org.apache.catalina.startup.HostConfig.deployDescriptor 배치 descriptor [/Users/shingiseop/Desktop/spart/lunch_rec/conf/Catalina/localhost/ROOT.xml]의 배치가 [546] 밀리초 내에 완료되었습니다.
09-Sep-2025 09:57:54.328 INFO [main] org.apache.coyote.AbstractProtocol.start 프로토콜 핸들러 ["http-nio-5200"]을(를) 시작합니다.
09-Sep-2025 09:57:54.338 INFO [main] org.apache.catalina.startup.Catalina.start 서버가 [609] 밀리초 내에 시작되었습니다.
09-Sep-2025 09:57:58.261 INFO [Thread-1] org.apache.coyote.AbstractProtocol.pause 프로토콜 핸들러 ["http-nio-5200"]을(를) 일시 정지 중
09-Sep-2025 09:57:58.267 INFO [Thread-1] org.apache.catalina.core.StandardService.stopInternal 서비스 [Catalina]을(를) 중지시킵니다.
09-Sep-2025 09:57:58.277 INFO [Thread-1] org.apache.coyote.AbstractProtocol.stop 프로토콜 핸들러 ["http-nio-5200"]을(를) 중지시킵니다.
09-Sep-2025 09:57:58.282 INFO [Thread-1] org.apache.coyote.AbstractProtocol.destroy 프로토콜 핸들러 ["http-nio-5200"]을(를) 소멸시킵니다.
09-Sep-2025 09:58:12.907 INFO [main] org.apache.catalina.startup.VersionLoggerListener.log 서버 버전 이름:    Apache Tomcat/9.0.109
09-Sep-2025 09:58:12.909 INFO [main] org.apache.catalina.startup.VersionLoggerListener.log Server 빌드 시각:  Sep 1 2025 12:15:33 UTC
09-Sep-2025 09:58:12.911 INFO [main] org.apache.catalina.startup.VersionLoggerListener.log Server 버전 번호:  9.0.109.0
09-Sep-2025 09:58:12.911 INFO [main] org.apache.catalina.startup.VersionLoggerListener.log 운영체제 이름:     Mac OS X
09-Sep-2025 09:58:12.911 INFO [main] org.apache.catalina.startup.VersionLoggerListener.log 운영체제 버전:     15.6.1
09-Sep-2025 09:58:12.911 INFO [main] org.apache.catalina.startup.VersionLoggerListener.log 아키텍처:          aarch64
09-Sep-2025 09:58:12.911 INFO [main] org.apache.catalina.startup.VersionLoggerListener.log 자바 홈:           /Library/Java/JavaVirtualMachines/jdk-17.jdk/Contents/Home
09-Sep-2025 09:58:12.911 INFO [main] org.apache.catalina.startup.VersionLoggerListener.log JVM 버전:          17.0.12+8-LTS-286
09-Sep-2025 09:58:12.911 INFO [main] org.apache.catalina.startup.VersionLoggerListener.log JVM 벤더:          Oracle Corporation
09-Sep-2025 09:58:12.911 INFO [main] org.apache.catalina.startup.VersionLoggerListener.log CATALINA_BASE:     /Users/shingiseop/Desktop/spart/lunch_rec
09-Sep-2025 09:58:12.911 INFO [main] org.apache.catalina.startup.VersionLoggerListener.log CATALINA_HOME:     /Users/shingiseop/tomcat9
09-Sep-2025 09:58:12.915 INFO [main] org.apache.catalina.startup.VersionLoggerListener.log 명령 행 아규먼트:  --add-opens=java.base/java.lang=ALL-UNNAMED
09-Sep-2025 09:58:12.916 INFO [main] org.apache.catalina.startup.VersionLoggerListener.log 명령 행 아규먼트:  --add-opens=java.base/java.io=ALL-UNNAMED
09-Sep-2025 09:58:12.916 INFO [main] org.apache.catalina.startup.VersionLoggerListener.log 명령 행 아규먼트:  --add-opens=java.base/java.util=ALL-UNNAMED
09-Sep-2025 09:58:12.916 INFO [main] org.apache.catalina.startup.VersionLoggerListener.log 명령 행 아규먼트:  --add-opens=java.base/java.util.concurrent=ALL-UNNAMED
09-Sep-2025 09:58:12.916 INFO [main] org.apache.catalina.startup.VersionLoggerListener.log 명령 행 아규먼트:  --add-opens=java.rmi/sun.rmi.transport=ALL-UNNAMED
09-Sep-2025 09:58:12.916 INFO [main] org.apache.catalina.startup.VersionLoggerListener.log 명령 행 아규먼트:  -Dcatalina.home=/Users/shingiseop/tomcat9
09-Sep-2025 09:58:12.916 INFO [main] org.apache.catalina.startup.VersionLoggerListener.log 명령 행 아규먼트:  -Dcatalina.base=/Users/shingiseop/Desktop/spart/lunch_rec
09-Sep-2025 09:58:12.916 INFO [main] org.apache.catalina.startup.VersionLoggerListener.log 명령 행 아규먼트:  -Djava.io.tmpdir=/Users/shingiseop/Desktop/spart/lunch_rec/temp
09-Sep-2025 09:58:12.916 INFO [main] org.apache.catalina.startup.VersionLoggerListener.log 명령 행 아규먼트:  -Djava.util.logging.config.file=/Users/shingiseop/Desktop/spart/lunch_rec/conf/logging.properties
09-Sep-2025 09:58:12.916 INFO [main] org.apache.catalina.startup.VersionLoggerListener.log 명령 행 아규먼트:  -Djava.util.logging.manager=org.apache.juli.ClassLoaderLogManager
09-Sep-2025 09:58:12.916 INFO [main] org.apache.catalina.startup.VersionLoggerListener.log 명령 행 아규먼트:  -javaagent:/Applications/IntelliJ IDEA.app/Contents/lib/idea_rt.jar=51134
09-Sep-2025 09:58:12.916 INFO [main] org.apache.catalina.startup.VersionLoggerListener.log 명령 행 아규먼트:  -Dfile.encoding=UTF-8
09-Sep-2025 09:58:12.922 INFO [main] org.apache.catalina.core.AprLifecycleListener.lifecycleEvent 프로덕션 환경들에서 최적의 성능을 제공하는, APR 기반 Apache Tomcat Native 라이브러리가, 다음 java.library.path에서 발견되지 않습니다: [/Users/shingiseop/Library/Java/Extensions:/Library/Java/Extensions:/Network/Library/Java/Extensions:/System/Library/Java/Extensions:/usr/lib/java:.]
09-Sep-2025 09:58:13.127 INFO [main] org.apache.coyote.AbstractProtocol.init 프로토콜 핸들러 ["http-nio-8080"]을(를) 초기화합니다.
09-Sep-2025 09:58:13.145 INFO [main] org.apache.catalina.startup.Catalina.load [335] 밀리초 내에 서버가 초기화되었습니다.
09-Sep-2025 09:58:13.180 INFO [main] org.apache.catalina.core.StandardService.startInternal 서비스 [Catalina]을(를) 시작합니다.
09-Sep-2025 09:58:13.180 INFO [main] org.apache.catalina.core.StandardEngine.startInternal 서버 엔진을 시작합니다: [Apache Tomcat/9.0.109]
09-Sep-2025 09:58:13.188 INFO [main] org.apache.catalina.startup.HostConfig.deployDescriptor 배치 descriptor [/Users/shingiseop/Desktop/spart/lunch_rec/conf/Catalina/localhost/ROOT.xml]을(를) 배치합니다.
09-Sep-2025 09:58:13.674 INFO [main] org.apache.jasper.servlet.TldScanner.scanJars 적어도 하나의 JAR가 TLD들을 찾기 위해 스캔되었으나 아무 것도 찾지 못했습니다. 스캔했으나 TLD가 없는 JAR들의 전체 목록을 보시려면, 로그 레벨을 디버그 레벨로 설정하십시오. 스캔 과정에서 불필요한 JAR들을 건너뛰면, 시스템 시작 시간과 JSP 컴파일 시간을 단축시킬 수 있습니다.
09-Sep-2025 09:58:13.699 INFO [main] org.apache.catalina.startup.HostConfig.deployDescriptor 배치 descriptor [/Users/shingiseop/Desktop/spart/lunch_rec/conf/Catalina/localhost/ROOT.xml]의 배치가 [510] 밀리초 내에 완료되었습니다.
09-Sep-2025 09:58:13.701 INFO [main] org.apache.coyote.AbstractProtocol.start 프로토콜 핸들러 ["http-nio-8080"]을(를) 시작합니다.
09-Sep-2025 09:58:13.709 INFO [main] org.apache.catalina.startup.Catalina.start 서버가 [563] 밀리초 내에 시작되었습니다.
09-Sep-2025 10:09:01.950 INFO [Thread-1] org.apache.coyote.AbstractProtocol.pause 프로토콜 핸들러 ["http-nio-8080"]을(를) 일시 정지 중
09-Sep-2025 10:09:01.952 INFO [Thread-1] org.apache.catalina.core.StandardService.stopInternal 서비스 [Catalina]을(를) 중지시킵니다.
09-Sep-2025 10:09:01.958 INFO [Thread-1] org.apache.coyote.AbstractProtocol.stop 프로토콜 핸들러 ["http-nio-8080"]을(를) 중지시킵니다.
09-Sep-2025 10:09:01.962 INFO [Thread-1] org.apache.coyote.AbstractProtocol.destroy 프로토콜 핸들러 ["http-nio-8080"]을(를) 소멸시킵니다.
09-Sep-2025 10:54:28.626 INFO [main] org.apache.catalina.startup.VersionLoggerListener.log 서버 버전 이름:    Apache Tomcat/9.0.109
09-Sep-2025 10:54:28.629 INFO [main] org.apache.catalina.startup.VersionLoggerListener.log Server 빌드 시각:  Sep 1 2025 12:15:33 UTC
09-Sep-2025 10:54:28.629 INFO [main] org.apache.catalina.startup.VersionLoggerListener.log Server 버전 번호:  9.0.109.0
09-Sep-2025 10:54:28.629 INFO [main] org.apache.catalina.startup.VersionLoggerListener.log 운영체제 이름:     Mac OS X
09-Sep-2025 10:54:28.629 INFO [main] org.apache.catalina.startup.VersionLoggerListener.log 운영체제 버전:     15.6.1
09-Sep-2025 10:54:28.629 INFO [main] org.apache.catalina.startup.VersionLoggerListener.log 아키텍처:          aarch64
09-Sep-2025 10:54:28.629 INFO [main] org.apache.catalina.startup.VersionLoggerListener.log 자바 홈:           /Library/Java/JavaVirtualMachines/jdk-17.jdk/Contents/Home
09-Sep-2025 10:54:28.629 INFO [main] org.apache.catalina.startup.VersionLoggerListener.log JVM 버전:          17.0.12+8-LTS-286
09-Sep-2025 10:54:28.630 INFO [main] org.apache.catalina.startup.VersionLoggerListener.log JVM 벤더:          Oracle Corporation
09-Sep-2025 10:54:28.630 INFO [main] org.apache.catalina.startup.VersionLoggerListener.log CATALINA_BASE:     /Users/shingiseop/Desktop/spart/lunch_rec
09-Sep-2025 10:54:28.630 INFO [main] org.apache.catalina.startup.VersionLoggerListener.log CATALINA_HOME:     /Users/shingiseop/tomcat9
09-Sep-2025 10:54:28.636 INFO [main] org.apache.catalina.startup.VersionLoggerListener.log 명령 행 아규먼트:  --add-opens=java.base/java.lang=ALL-UNNAMED
09-Sep-2025 10:54:28.636 INFO [main] org.apache.catalina.startup.VersionLoggerListener.log 명령 행 아규먼트:  --add-opens=java.base/java.io=ALL-UNNAMED
09-Sep-2025 10:54:28.636 INFO [main] org.apache.catalina.startup.VersionLoggerListener.log 명령 행 아규먼트:  --add-opens=java.base/java.util=ALL-UNNAMED
09-Sep-2025 10:54:28.636 INFO [main] org.apache.catalina.startup.VersionLoggerListener.log 명령 행 아규먼트:  --add-opens=java.base/java.util.concurrent=ALL-UNNAMED
09-Sep-2025 10:54:28.636 INFO [main] org.apache.catalina.startup.VersionLoggerListener.log 명령 행 아규먼트:  --add-opens=java.rmi/sun.rmi.transport=ALL-UNNAMED
09-Sep-2025 10:54:28.636 INFO [main] org.apache.catalina.startup.VersionLoggerListener.log 명령 행 아규먼트:  -Dcatalina.home=/Users/shingiseop/tomcat9
09-Sep-2025 10:54:28.636 INFO [main] org.apache.catalina.startup.VersionLoggerListener.log 명령 행 아규먼트:  -Dcatalina.base=/Users/shingiseop/Desktop/spart/lunch_rec
09-Sep-2025 10:54:28.636 INFO [main] org.apache.catalina.startup.VersionLoggerListener.log 명령 행 아규먼트:  -Djava.io.tmpdir=/Users/shingiseop/Desktop/spart/lunch_rec/temp
09-Sep-2025 10:54:28.636 INFO [main] org.apache.catalina.startup.VersionLoggerListener.log 명령 행 아규먼트:  -Djava.util.logging.config.file=/Users/shingiseop/Desktop/spart/lunch_rec/conf/logging.properties
09-Sep-2025 10:54:28.636 INFO [main] org.apache.catalina.startup.VersionLoggerListener.log 명령 행 아규먼트:  -Djava.util.logging.manager=org.apache.juli.ClassLoaderLogManager
09-Sep-2025 10:54:28.636 INFO [main] org.apache.catalina.startup.VersionLoggerListener.log 명령 행 아규먼트:  -javaagent:/Applications/IntelliJ IDEA.app/Contents/lib/idea_rt.jar=51352
09-Sep-2025 10:54:28.636 INFO [main] org.apache.catalina.startup.VersionLoggerListener.log 명령 행 아규먼트:  -Dfile.encoding=UTF-8
09-Sep-2025 10:54:28.646 INFO [main] org.apache.catalina.core.AprLifecycleListener.lifecycleEvent 프로덕션 환경들에서 최적의 성능을 제공하는, APR 기반 Apache Tomcat Native 라이브러리가, 다음 java.library.path에서 발견되지 않습니다: [/Users/shingiseop/Library/Java/Extensions:/Library/Java/Extensions:/Network/Library/Java/Extensions:/System/Library/Java/Extensions:/usr/lib/java:.]
09-Sep-2025 10:54:28.822 INFO [main] org.apache.coyote.AbstractProtocol.init 프로토콜 핸들러 ["http-nio-8080"]을(를) 초기화합니다.
09-Sep-2025 10:54:28.834 INFO [main] org.apache.catalina.startup.Catalina.load [332] 밀리초 내에 서버가 초기화되었습니다.
09-Sep-2025 10:54:28.873 INFO [main] org.apache.catalina.core.StandardService.startInternal 서비스 [Catalina]을(를) 시작합니다.
09-Sep-2025 10:54:28.873 INFO [main] org.apache.catalina.core.StandardEngine.startInternal 서버 엔진을 시작합니다: [Apache Tomcat/9.0.109]
09-Sep-2025 10:54:28.879 INFO [main] org.apache.catalina.startup.HostConfig.deployDescriptor 배치 descriptor [/Users/shingiseop/Desktop/spart/lunch_rec/conf/Catalina/localhost/ROOT.xml]을(를) 배치합니다.
09-Sep-2025 10:54:29.386 INFO [main] org.apache.jasper.servlet.TldScanner.scanJars 적어도 하나의 JAR가 TLD들을 찾기 위해 스캔되었으나 아무 것도 찾지 못했습니다. 스캔했으나 TLD가 없는 JAR들의 전체 목록을 보시려면, 로그 레벨을 디버그 레벨로 설정하십시오. 스캔 과정에서 불필요한 JAR들을 건너뛰면, 시스템 시작 시간과 JSP 컴파일 시간을 단축시킬 수 있습니다.
09-Sep-2025 10:54:29.407 INFO [main] org.apache.catalina.startup.HostConfig.deployDescriptor 배치 descriptor [/Users/shingiseop/Desktop/spart/lunch_rec/conf/Catalina/localhost/ROOT.xml]의 배치가 [527] 밀리초 내에 완료되었습니다.
09-Sep-2025 10:54:29.409 INFO [main] org.apache.coyote.AbstractProtocol.start 프로토콜 핸들러 ["http-nio-8080"]을(를) 시작합니다.
09-Sep-2025 10:54:29.417 INFO [main] org.apache.catalina.startup.Catalina.start 서버가 [583] 밀리초 내에 시작되었습니다.
09-Sep-2025 10:55:30.996 INFO [Thread-1] org.apache.coyote.AbstractProtocol.pause 프로토콜 핸들러 ["http-nio-8080"]을(를) 일시 정지 중
09-Sep-2025 10:55:30.998 INFO [Thread-1] org.apache.catalina.core.StandardService.stopInternal 서비스 [Catalina]을(를) 중지시킵니다.
09-Sep-2025 10:55:31.006 INFO [Thread-1] org.apache.coyote.AbstractProtocol.stop 프로토콜 핸들러 ["http-nio-8080"]을(를) 중지시킵니다.
09-Sep-2025 10:55:31.009 INFO [Thread-1] org.apache.coyote.AbstractProtocol.destroy 프로토콜 핸들러 ["http-nio-8080"]을(를) 소멸시킵니다.
